build/outputs/logs/manifest-merger-debug-report.txt
-- Merging decision tree log ---
provider#android.support.v4.content.FileProvider
INJECTED from src\main\AndroidManifest.xml:40:9-48:20
	android:grantUriPermissions
		ADDED from src\main\AndroidManifest.xml:44:13-47
	android:authorities
		INJECTED from src\main\AndroidManifest.xml
		ADDED from src\main\AndroidManifest.xml:42:13-64
	android:exported
		ADDED from src\main\AndroidManifest.xml:43:13-37
	android:name
		ADDED from src\main\AndroidManifest.xml:41:13-67
provider#com.mintegral.msdk.base.utils.MTGFileProvider
INJECTED from src\main\AndroidManifest.xml:442:9-450:20
	android:grantUriPermissions
		ADDED from src\main\AndroidManifest.xml:446:13-47
	android:authorities
		INJECTED from src\main\AndroidManifest.xml
		ADDED from src\main\AndroidManifest.xml:444:13-67
	android:exported
		ADDED from src\main\AndroidManifest.xml:445:13-37
	android:name
		ADDED from src\main\AndroidManifest.xml:443:13-73
manifest
ADDED from src\main\AndroidManifest.xml:2:1-454:12
INJECTED from src\main\AndroidManifest.xml:2:1-454:12
INJECTED from src\main\AndroidManifest.xml:2:1-454:12
INJECTED from src\main\AndroidManifest.xml:2:1-454:12
MERGED from [GDTSDK.unionNormal.4.110.980.aar] AndroidManifest.xml:2:1-50:12
MERGED from [ks_adsdk-2.2.4.aar] AndroidManifest.xml:2:1-76:12
MERGED from [com.squareup.leakcanary:leakcanary-support-fragment:1.6.1] AndroidManifest.xml:17:1-25:12
MERGED from [com.squareup.leakcanary:leakcanary-android:1.6.1] AndroidManifest.xml:17:1-72:12
MERGED from [com.android.support:support-v4:28.0.0] AndroidManifest.xml:17:1-22:12
MERGED from [com.android.support:design:28.0.0] AndroidManifest.xml:17:1-24:12
MERGED from [com.android.support:recyclerview-v7:28.0.0] AndroidManifest.xml:17:1-22:12
MERGED from [com.android.support:appcompat-v7:28.0.0] AndroidManifest.xml:17:1-22:12
MERGED from [com.android.support.constraint:constraint-layout:1.1.3] AndroidManifest.xml:2:1-11:12
MERGED from [com.tencent.bugly:crashreport:3.1.0] AndroidManifest.xml:2:1-9:12
MERGED from [com.android.support:multidex:1.0.3] AndroidManifest.xml:17:1-22:12
MERGED from [com.mintegral.msdk:videojs:10.1.31] AndroidManifest.xml:2:1-11:12
MERGED from [com.mintegral.msdk:mtgjscommon:10.1.31] AndroidManifest.xml:2:1-14:12
MERGED from [com.mintegral.msdk:playercommon:10.1.31] AndroidManifest.xml:2:1-15:12
MERGED from [com.mintegral.msdk:reward:10.1.31] AndroidManifest.xml:2:1-15:12
MERGED from [com.mintegral.msdk:videocommon:10.1.31] AndroidManifest.xml:2:1-15:12
MERGED from [com.mintegral.msdk:optimizedata:10.1.31] AndroidManifest.xml:2:1-11:12
MERGED from [com.mintegral.msdk:common:10.1.31] AndroidManifest.xml:2:1-15:12
MERGED from [com.mintegral.msdk:mtgdownloads:10.1.31] AndroidManifest.xml:2:1-14:12
MERGED from [com.mintegral.msdk:mtgbid:10.1.31] AndroidManifest.xml:2:1-11:12
MERGED from [com.squareup.leakcanary:leakcanary-analyzer:1.6.1] AndroidManifest.xml:17:1-24:12
MERGED from [com.android.support:support-fragment:28.0.0] AndroidManifest.xml:17:1-22:12
MERGED from [com.android.support:animated-vector-drawable:28.0.0] AndroidManifest.xml:17:1-22:12
MERGED from [com.android.support:support-core-ui:28.0.0] AndroidManifest.xml:17:1-22:12
MERGED from [com.android.support:support-core-utils:28.0.0] AndroidManifest.xml:17:1-22:12
MERGED from [com.android.support:support-media-compat:28.0.0] AndroidManifest.xml:17:1-22:12
MERGED from [com.android.support:support-vector-drawable:28.0.0] AndroidManifest.xml:17:1-22:12
MERGED from [com.android.support:transition:28.0.0] AndroidManifest.xml:17:1-22:12
MERGED from [com.android.support:loader:28.0.0] AndroidManifest.xml:17:1-22:12
MERGED from [com.android.support:viewpager:28.0.0] AndroidManifest.xml:17:1-22:12
MERGED from [com.android.support:coordinatorlayout:28.0.0] AndroidManifest.xml:17:1-22:12
MERGED from [com.android.support:drawerlayout:28.0.0] AndroidManifest.xml:17:1-22:12
MERGED from [com.android.support:slidingpanelayout:28.0.0] AndroidManifest.xml:17:1-22:12
MERGED from [com.android.support:customview:28.0.0] AndroidManifest.xml:17:1-22:12
MERGED from [com.android.support:swiperefreshlayout:28.0.0] AndroidManifest.xml:17:1-22:12
MERGED from [com.android.support:asynclayoutinflater:28.0.0] AndroidManifest.xml:17:1-22:12
MERGED from [com.android.support:support-compat:28.0.0] AndroidManifest.xml:17:1-24:12
MERGED from [com.android.support:versionedparcelable:28.0.0] AndroidManifest.xml:17:1-25:12
MERGED from [com.android.support:cursoradapter:28.0.0] AndroidManifest.xml:17:1-22:12
MERGED from [com.android.support:cardview-v7:28.0.0] AndroidManifest.xml:17:1-22:12
MERGED from [com.android.support:documentfile:28.0.0] AndroidManifest.xml:17:1-22:12
MERGED from [com.android.support:localbroadcastmanager:28.0.0] AndroidManifest.xml:17:1-22:12
MERGED from [com.android.support:print:28.0.0] AndroidManifest.xml:17:1-22:12
MERGED from [android.arch.lifecycle:viewmodel:1.1.1] AndroidManifest.xml:17:1-22:12
MERGED from [android.arch.lifecycle:runtime:1.1.1] AndroidManifest.xml:17:1-22:12
MERGED from [com.android.support:interpolator:28.0.0] AndroidManifest.xml:17:1-22:12
MERGED from [android.arch.lifecycle:livedata:1.1.1] AndroidManifest.xml:17:1-22:12
MERGED from [android.arch.lifecycle:livedata-core:1.1.1] AndroidManifest.xml:17:1-22:12
MERGED from [android.arch.core:runtime:1.1.1] AndroidManifest.xml:17:1-22:12
INJECTED from src\main\AndroidManifest.xml:2:1-454:12
INJECTED from src\main\AndroidManifest.xml:2:1-454:12
INJECTED from src\main\AndroidManifest.xml:2:1-454:12
	package
		ADDED from src\main\AndroidManifest.xml:3:5-34
		INJECTED from src\main\AndroidManifest.xml
		INJECTED from src\main\AndroidManifest.xml
	android:versionName
		ADDED from src\main\AndroidManifest.xml:5:5-30
		INJECTED from src\main\AndroidManifest.xml
		INJECTED from src\main\AndroidManifest.xml
	xmlns:android
		ADDED from src\main\AndroidManifest.xml:2:11-69
	android:versionCode
		ADDED from src\main\AndroidManifest.xml:4:5-28
		INJECTED from src\main\AndroidManifest.xml
		INJECTED from src\main\AndroidManifest.xml
uses-permission#android.permission.READ_PHONE_STATE
ADDED from src\main\AndroidManifest.xml:9:5-75
MERGED from [ks_adsdk-2.2.4.aar] AndroidManifest.xml:15:5-75
MERGED from [ks_adsdk-2.2.4.aar] AndroidManifest.xml:15:5-75
	android:name
		ADDED from src\main\AndroidManifest.xml:9:22-72
uses-permission#android.permission.ACCESS_COARSE_LOCATION
ADDED from src\main\AndroidManifest.xml:10:5-81
	android:name
		ADDED from src\main\AndroidManifest.xml:10:22-78
uses-permission#android.permission.ACCESS_FINE_LOCATION
ADDED from src\main\AndroidManifest.xml:11:5-79
	android:name
		ADDED from src\main\AndroidManifest.xml:11:22-76
uses-permission#android.permission.READ_EXTERNAL_STORAGE
ADDED from src\main\AndroidManifest.xml:23:5-80
MERGED from [com.squareup.leakcanary:leakcanary-android:1.6.1] AndroidManifest.xml:23:5-80
MERGED from [com.squareup.leakcanary:leakcanary-android:1.6.1] AndroidManifest.xml:23:5-80
	android:name
		ADDED from src\main\AndroidManifest.xml:23:22-77
uses-permission#android.permission.WRITE_EXTERNAL_STORAGE
ADDED from src\main\AndroidManifest.xml:24:5-81
MERGED from [com.squareup.leakcanary:leakcanary-android:1.6.1] AndroidManifest.xml:24:5-81
MERGED from [com.squareup.leakcanary:leakcanary-android:1.6.1] AndroidManifest.xml:24:5-81
	android:name
		ADDED from src\main\AndroidManifest.xml:24:22-78
application
ADDED from src\main\AndroidManifest.xml:27:5-452:19
MERGED from [GDTSDK.unionNormal.4.110.980.aar] AndroidManifest.xml:16:5-48:19
MERGED from [GDTSDK.unionNormal.4.110.980.aar] AndroidManifest.xml:16:5-48:19
MERGED from [ks_adsdk-2.2.4.aar] AndroidManifest.xml:21:5-74:19
MERGED from [ks_adsdk-2.2.4.aar] AndroidManifest.xml:21:5-74:19
MERGED from [com.squareup.leakcanary:leakcanary-support-fragment:1.6.1] AndroidManifest.xml:22:5-23:19
MERGED from [com.squareup.leakcanary:leakcanary-support-fragment:1.6.1] AndroidManifest.xml:22:5-23:19
MERGED from [com.squareup.leakcanary:leakcanary-android:1.6.1] AndroidManifest.xml:26:5-70:19
MERGED from [com.squareup.leakcanary:leakcanary-android:1.6.1] AndroidManifest.xml:26:5-70:19
MERGED from [com.android.support:design:28.0.0] AndroidManifest.xml:22:5-20
MERGED from [com.android.support:design:28.0.0] AndroidManifest.xml:22:5-20
MERGED from [com.android.support.constraint:constraint-layout:1.1.3] AndroidManifest.xml:9:5-20
MERGED from [com.android.support.constraint:constraint-layout:1.1.3] AndroidManifest.xml:9:5-20
MERGED from [com.mintegral.msdk:mtgjscommon:10.1.31] AndroidManifest.xml:11:5-12:19
MERGED from [com.mintegral.msdk:mtgjscommon:10.1.31] AndroidManifest.xml:11:5-12:19
MERGED from [com.mintegral.msdk:playercommon:10.1.31] AndroidManifest.xml:12:5-13:19
MERGED from [com.mintegral.msdk:playercommon:10.1.31] AndroidManifest.xml:12:5-13:19
MERGED from [com.mintegral.msdk:reward:10.1.31] AndroidManifest.xml:12:5-13:19
MERGED from [com.mintegral.msdk:reward:10.1.31] AndroidManifest.xml:12:5-13:19
MERGED from [com.mintegral.msdk:videocommon:10.1.31] AndroidManifest.xml:12:5-13:19
MERGED from [com.mintegral.msdk:videocommon:10.1.31] AndroidManifest.xml:12:5-13:19
MERGED from [com.mintegral.msdk:common:10.1.31] AndroidManifest.xml:12:5-13:19
MERGED from [com.mintegral.msdk:common:10.1.31] AndroidManifest.xml:12:5-13:19
MERGED from [com.mintegral.msdk:mtgdownloads:10.1.31] AndroidManifest.xml:11:5-12:19
MERGED from [com.mintegral.msdk:mtgdownloads:10.1.31] AndroidManifest.xml:11:5-12:19
MERGED from [com.squareup.leakcanary:leakcanary-analyzer:1.6.1] AndroidManifest.xml:22:5-20
MERGED from [com.squareup.leakcanary:leakcanary-analyzer:1.6.1] AndroidManifest.xml:22:5-20
MERGED from [com.android.support:support-compat:28.0.0] AndroidManifest.xml:22:5-94
MERGED from [com.android.support:support-compat:28.0.0] AndroidManifest.xml:22:5-94
MERGED from [com.android.support:versionedparcelable:28.0.0] AndroidManifest.xml:22:5-23:19
MERGED from [com.android.support:versionedparcelable:28.0.0] AndroidManifest.xml:22:5-23:19
	android:appComponentFactory
		ADDED from [com.android.support:support-compat:28.0.0] AndroidManifest.xml:22:18-91
	android:label
		ADDED from src\main\AndroidManifest.xml:30:9-41
	android:hardwareAccelerated
		ADDED from src\main\AndroidManifest.xml:31:9-43
	android:icon
		ADDED from src\main\AndroidManifest.xml:29:9-41
	android:theme
		ADDED from src\main\AndroidManifest.xml:33:9-40
	android:networkSecurityConfig
		ADDED from src\main\AndroidManifest.xml:32:9-69
	android:usesCleartextTraffic
		ADDED from [GDTSDK.unionNormal.4.110.980.aar] AndroidManifest.xml:16:18-53
	android:name
		ADDED from src\main\AndroidManifest.xml:28:9-40
activity#com.qq.e.union.demo.DemoListActivity
ADDED from src\main\AndroidManifest.xml:50:9-61:20
	android:screenOrientation
		ADDED from src\main\AndroidManifest.xml:55:13-49
	android:label
		ADDED from src\main\AndroidManifest.xml:53:13-60
	android:launchMode
		ADDED from src\main\AndroidManifest.xml:54:13-44
	android:windowSoftInputMode
		ADDED from src\main\AndroidManifest.xml:56:13-72
	android:exported
		ADDED from src\main\AndroidManifest.xml:52:13-36
	android:name
		ADDED from src\main\AndroidManifest.xml:51:13-45
intent-filter#action:name:android.intent.action.VIEW+category:name:android.intent.category.DEFAULT
ADDED from src\main\AndroidManifest.xml:57:13-60:29
action#android.intent.action.VIEW
ADDED from src\main\AndroidManifest.xml:58:17-69
	android:name
		ADDED from src\main\AndroidManifest.xml:58:25-66
category#android.intent.category.DEFAULT
ADDED from src\main\AndroidManifest.xml:59:17-76
	android:name
		ADDED from src\main\AndroidManifest.xml:59:27-73
activity#com.qq.e.union.demo.SplashActivity
ADDED from src\main\AndroidManifest.xml:62:9-72:20
	android:screenOrientation
		ADDED from src\main\AndroidManifest.xml:65:13-49
	android:windowSoftInputMode
		ADDED from src\main\AndroidManifest.xml:67:13-54
	android:configChanges
		ADDED from src\main\AndroidManifest.xml:64:13-83
	android:theme
		ADDED from src\main\AndroidManifest.xml:66:13-71
	android:name
		ADDED from src\main\AndroidManifest.xml:63:13-43
intent-filter#action:name:android.intent.action.MAIN+category:name:android.intent.category.LAUNCHER
ADDED from src\main\AndroidManifest.xml:68:13-71:29
action#android.intent.action.MAIN
ADDED from src\main\AndroidManifest.xml:69:17-69
	android:name
		ADDED from src\main\AndroidManifest.xml:69:25-66
category#android.intent.category.LAUNCHER
ADDED from src\main\AndroidManifest.xml:70:17-77
	android:name
		ADDED from src\main\AndroidManifest.xml:70:27-74
activity#com.qq.e.union.demo.SplashADActivity
ADDED from src\main\AndroidManifest.xml:73:9-91:20
	android:screenOrientation
		ADDED from src\main\AndroidManifest.xml:75:13-49
	android:name
		ADDED from src\main\AndroidManifest.xml:74:13-45
intent-filter#action:name:gdt.action.LAUNCH_DEMO+category:name:android.intent.category.DEFAULT
ADDED from src\main\AndroidManifest.xml:76:13-80:29
action#gdt.action.LAUNCH_DEMO
ADDED from src\main\AndroidManifest.xml:77:17-65
	android:name
		ADDED from src\main\AndroidManifest.xml:77:25-62
meta-data#id
ADDED from src\main\AndroidManifest.xml:82:13-84:50
	android:value
		ADDED from src\main\AndroidManifest.xml:84:17-47
	android:name
		ADDED from src\main\AndroidManifest.xml:83:17-34
meta-data#content
ADDED from src\main\AndroidManifest.xml:85:13-87:44
	android:value
		ADDED from src\main\AndroidManifest.xml:87:17-41
	android:name
		ADDED from src\main\AndroidManifest.xml:86:17-39
meta-data#action
ADDED from src\main\AndroidManifest.xml:88:13-90:58
	android:value
		ADDED from src\main\AndroidManifest.xml:90:17-55
	android:name
		ADDED from src\main\AndroidManifest.xml:89:17-38
activity#com.qq.e.union.demo.BannerActivity
ADDED from src\main\AndroidManifest.xml:92:9-111:20
	android:label
		ADDED from src\main\AndroidManifest.xml:94:13-58
	android:windowSoftInputMode
		ADDED from src\main\AndroidManifest.xml:95:13-72
	android:name
		ADDED from src\main\AndroidManifest.xml:93:13-43
intent-filter#action:name:gdt.action.BANNER_DEMO+category:name:android.intent.category.DEFAULT
ADDED from src\main\AndroidManifest.xml:106:13-110:29
action#gdt.action.BANNER_DEMO
ADDED from src\main\AndroidManifest.xml:107:17-65
	android:name
		ADDED from src\main\AndroidManifest.xml:107:25-62
activity#com.qq.e.union.demo.InterstitialADActivity
ADDED from src\main\AndroidManifest.xml:112:9-131:20
	android:label
		ADDED from src\main\AndroidManifest.xml:114:13-67
	android:windowSoftInputMode
		ADDED from src\main\AndroidManifest.xml:115:13-72
	android:name
		ADDED from src\main\AndroidManifest.xml:113:13-51
intent-filter#action:name:gdt.action.INTERSTITIAL_DEMO+category:name:android.intent.category.DEFAULT
ADDED from src\main\AndroidManifest.xml:126:13-130:29
action#gdt.action.INTERSTITIAL_DEMO
ADDED from src\main\AndroidManifest.xml:127:17-71
	android:name
		ADDED from src\main\AndroidManifest.xml:127:25-68
activity#com.qq.e.union.demo.DeviceInfoActivity
ADDED from src\main\AndroidManifest.xml:132:9-135:75
	android:label
		ADDED from src\main\AndroidManifest.xml:134:13-63
	android:windowSoftInputMode
		ADDED from src\main\AndroidManifest.xml:135:13-72
	android:name
		ADDED from src\main\AndroidManifest.xml:133:13-47
activity#com.qq.e.union.demo.NativeADActivity
ADDED from src\main\AndroidManifest.xml:136:9-156:20
	android:screenOrientation
		ADDED from src\main\AndroidManifest.xml:139:13-49
	android:label
		ADDED from src\main\AndroidManifest.xml:138:13-51
	android:windowSoftInputMode
		ADDED from src\main\AndroidManifest.xml:140:13-72
	android:name
		ADDED from src\main\AndroidManifest.xml:137:13-45
intent-filter#action:name:gdt.action.NATIVE_SELF_DEMO+category:name:android.intent.category.DEFAULT
ADDED from src\main\AndroidManifest.xml:151:13-155:29
action#gdt.action.NATIVE_SELF_DEMO
ADDED from src\main\AndroidManifest.xml:152:17-70
	android:name
		ADDED from src\main\AndroidManifest.xml:152:25-67
activity#com.qq.e.union.demo.MultiProcessNativeADActivity
ADDED from src\main\AndroidManifest.xml:157:9-178:20
	android:screenOrientation
		ADDED from src\main\AndroidManifest.xml:161:13-49
	android:process
		ADDED from src\main\AndroidManifest.xml:160:13-40
	android:label
		ADDED from src\main\AndroidManifest.xml:159:13-51
	android:windowSoftInputMode
		ADDED from src\main\AndroidManifest.xml:162:13-72
	android:name
		ADDED from src\main\AndroidManifest.xml:158:13-57
intent-filter#action:name:gdt.action.NATIVE_SELF_MP_DEMO+category:name:android.intent.category.DEFAULT
ADDED from src\main\AndroidManifest.xml:173:13-177:29
action#gdt.action.NATIVE_SELF_MP_DEMO
ADDED from src\main\AndroidManifest.xml:174:17-73
	android:name
		ADDED from src\main\AndroidManifest.xml:174:25-70
activity#com.qq.e.union.demo.NativeVideoListDemoActivity
ADDED from src\main\AndroidManifest.xml:179:9-182:52
	android:screenOrientation
		ADDED from src\main\AndroidManifest.xml:182:13-49
	android:label
		ADDED from src\main\AndroidManifest.xml:181:13-70
	android:name
		ADDED from src\main\AndroidManifest.xml:180:13-56
activity#com.qq.e.union.demo.NativeVideoDemoActivity
ADDED from src\main\AndroidManifest.xml:183:9-186:52
	android:screenOrientation
		ADDED from src\main\AndroidManifest.xml:186:13-49
	android:label
		ADDED from src\main\AndroidManifest.xml:185:13-69
	android:name
		ADDED from src\main\AndroidManifest.xml:184:13-52
activity#com.qq.e.union.demo.NativeVideoADActivity
ADDED from src\main\AndroidManifest.xml:187:9-207:20
	android:screenOrientation
		ADDED from src\main\AndroidManifest.xml:190:13-49
	android:label
		ADDED from src\main\AndroidManifest.xml:189:13-67
	android:windowSoftInputMode
		ADDED from src\main\AndroidManifest.xml:191:13-72
	android:name
		ADDED from src\main\AndroidManifest.xml:188:13-50
intent-filter#action:name:gdt.action.NATIVE_VIDEO_DEMO+category:name:android.intent.category.DEFAULT
ADDED from src\main\AndroidManifest.xml:202:13-206:29
action#gdt.action.NATIVE_VIDEO_DEMO
ADDED from src\main\AndroidManifest.xml:203:17-71
	android:name
		ADDED from src\main\AndroidManifest.xml:203:25-68
activity#com.qq.e.union.demo.NativeVideoRecyclerViewActivity
ADDED from src\main\AndroidManifest.xml:208:9-211:52
	android:screenOrientation
		ADDED from src\main\AndroidManifest.xml:211:13-49
	android:label
		ADDED from src\main\AndroidManifest.xml:210:13-78
	android:name
		ADDED from src\main\AndroidManifest.xml:209:13-60
activity#com.qq.e.union.demo.NativeVideoScrollViewActivity
ADDED from src\main\AndroidManifest.xml:212:9-216:63
	android:screenOrientation
		ADDED from src\main\AndroidManifest.xml:215:13-49
	android:label
		ADDED from src\main\AndroidManifest.xml:214:13-76
	android:theme
		ADDED from src\main\AndroidManifest.xml:216:13-60
	android:name
		ADDED from src\main\AndroidManifest.xml:213:13-58
activity#com.qq.e.union.demo.NativeVideoPreMovieActivity
ADDED from src\main\AndroidManifest.xml:217:9-221:63
	android:label
		ADDED from src\main\AndroidManifest.xml:220:13-74
	android:configChanges
		ADDED from src\main\AndroidManifest.xml:219:13-83
	android:theme
		ADDED from src\main\AndroidManifest.xml:221:13-60
	android:name
		ADDED from src\main\AndroidManifest.xml:218:13-56
activity#com.qq.e.union.demo.NativeExpressADActivity
ADDED from src\main\AndroidManifest.xml:222:9-242:20
	android:screenOrientation
		ADDED from src\main\AndroidManifest.xml:225:13-49
	android:label
		ADDED from src\main\AndroidManifest.xml:224:13-69
	android:windowSoftInputMode
		ADDED from src\main\AndroidManifest.xml:226:13-72
	android:name
		ADDED from src\main\AndroidManifest.xml:223:13-52
intent-filter#action:name:gdt.action.NATIVE_EXPRESS_DEMO+category:name:android.intent.category.DEFAULT
ADDED from src\main\AndroidManifest.xml:237:13-241:29
action#gdt.action.NATIVE_EXPRESS_DEMO
ADDED from src\main\AndroidManifest.xml:238:17-73
	android:name
		ADDED from src\main\AndroidManifest.xml:238:25-70
activity#com.qq.e.union.demo.NativeExpressDemoActivity
ADDED from src\main\AndroidManifest.xml:243:9-248:57
	android:screenOrientation
		ADDED from src\main\AndroidManifest.xml:247:13-49
	android:label
		ADDED from src\main\AndroidManifest.xml:246:13-71
	android:windowSoftInputMode
		ADDED from src\main\AndroidManifest.xml:248:13-54
	android:configChanges
		ADDED from src\main\AndroidManifest.xml:245:13-83
	android:name
		ADDED from src\main\AndroidManifest.xml:244:13-54
activity#com.qq.e.union.demo.NativeExpressRecyclerViewActivity
ADDED from src\main\AndroidManifest.xml:249:9-253:52
	android:screenOrientation
		ADDED from src\main\AndroidManifest.xml:253:13-49
	android:label
		ADDED from src\main\AndroidManifest.xml:252:13-80
	android:configChanges
		ADDED from src\main\AndroidManifest.xml:251:13-83
	android:name
		ADDED from src\main\AndroidManifest.xml:250:13-62
activity#com.qq.e.union.demo.NativeADUnifiedActivity
ADDED from src\main\AndroidManifest.xml:254:9-275:20
	android:screenOrientation
		ADDED from src\main\AndroidManifest.xml:258:13-49
	android:label
		ADDED from src\main\AndroidManifest.xml:257:13-71
	android:windowSoftInputMode
		ADDED from src\main\AndroidManifest.xml:259:13-54
	android:configChanges
		ADDED from src\main\AndroidManifest.xml:256:13-83
	android:name
		ADDED from src\main\AndroidManifest.xml:255:13-52
intent-filter#action:name:gdt.action.NATIVE_CONTAINER+category:name:android.intent.category.DEFAULT
ADDED from src\main\AndroidManifest.xml:270:13-274:29
action#gdt.action.NATIVE_CONTAINER
ADDED from src\main\AndroidManifest.xml:271:17-70
	android:name
		ADDED from src\main\AndroidManifest.xml:271:25-67
activity#com.qq.e.union.demo.NativeADUnifiedSampleActivity
ADDED from src\main\AndroidManifest.xml:276:9-279:74
	android:label
		ADDED from src\main\AndroidManifest.xml:279:13-71
	android:configChanges
		ADDED from src\main\AndroidManifest.xml:278:13-83
	android:name
		ADDED from src\main\AndroidManifest.xml:277:13-58
activity#com.qq.e.union.demo.NativeADUnifiedListViewActivity
ADDED from src\main\AndroidManifest.xml:280:9-284:52
	android:screenOrientation
		ADDED from src\main\AndroidManifest.xml:284:13-49
	android:label
		ADDED from src\main\AndroidManifest.xml:283:13-71
	android:configChanges
		ADDED from src\main\AndroidManifest.xml:282:13-83
	android:name
		ADDED from src\main\AndroidManifest.xml:281:13-60
activity#com.qq.e.union.demo.NativeADUnifiedRecyclerViewActivity
ADDED from src\main\AndroidManifest.xml:285:9-289:52
	android:screenOrientation
		ADDED from src\main\AndroidManifest.xml:289:13-49
	android:label
		ADDED from src\main\AndroidManifest.xml:288:13-71
	android:configChanges
		ADDED from src\main\AndroidManifest.xml:287:13-83
	android:name
		ADDED from src\main\AndroidManifest.xml:286:13-64
activity#com.qq.e.union.demo.NativeADUnifiedPreMovieActivity
ADDED from src\main\AndroidManifest.xml:290:9-293:74
	android:label
		ADDED from src\main\AndroidManifest.xml:293:13-71
	android:configChanges
		ADDED from src\main\AndroidManifest.xml:292:13-83
	android:name
		ADDED from src\main\AndroidManifest.xml:291:13-60
activity#com.qq.e.union.demo.NativeADUnifiedFullScreenActivity
ADDED from src\main\AndroidManifest.xml:294:9-299:63
	android:screenOrientation
		ADDED from src\main\AndroidManifest.xml:298:13-49
	android:label
		ADDED from src\main\AndroidManifest.xml:297:13-71
	android:configChanges
		ADDED from src\main\AndroidManifest.xml:296:13-83
	android:theme
		ADDED from src\main\AndroidManifest.xml:299:13-60
	android:name
		ADDED from src\main\AndroidManifest.xml:295:13-62
activity#com.qq.e.union.demo.NativeADUnifiedFullScreenFeedActivity
ADDED from src\main\AndroidManifest.xml:300:9-305:63
	android:screenOrientation
		ADDED from src\main\AndroidManifest.xml:304:13-49
	android:label
		ADDED from src\main\AndroidManifest.xml:303:13-71
	android:configChanges
		ADDED from src\main\AndroidManifest.xml:302:13-83
	android:theme
		ADDED from src\main\AndroidManifest.xml:305:13-60
	android:name
		ADDED from src\main\AndroidManifest.xml:301:13-66
activity#com.qq.e.union.demo.NativeADUnifiedDevRenderContainerActivity
ADDED from src\main\AndroidManifest.xml:306:9-310:52
	android:screenOrientation
		ADDED from src\main\AndroidManifest.xml:310:13-49
	android:label
		ADDED from src\main\AndroidManifest.xml:309:13-71
	android:configChanges
		ADDED from src\main\AndroidManifest.xml:308:13-83
	android:name
		ADDED from src\main\AndroidManifest.xml:307:13-70
activity#com.qq.e.union.demo.ContentADActivity
ADDED from src\main\AndroidManifest.xml:311:9-331:20
	android:screenOrientation
		ADDED from src\main\AndroidManifest.xml:314:13-49
	android:label
		ADDED from src\main\AndroidManifest.xml:313:13-52
	android:windowSoftInputMode
		ADDED from src\main\AndroidManifest.xml:315:13-72
	android:name
		ADDED from src\main\AndroidManifest.xml:312:13-46
intent-filter#action:name:gdt.action.CONTENT_DEMO+category:name:android.intent.category.DEFAULT
ADDED from src\main\AndroidManifest.xml:326:13-330:29
action#gdt.action.CONTENT_DEMO
ADDED from src\main\AndroidManifest.xml:327:17-66
	android:name
		ADDED from src\main\AndroidManifest.xml:327:25-63
activity#com.qq.e.union.demo.RewardVideoActivity
ADDED from src\main\AndroidManifest.xml:332:9-353:20
	android:screenOrientation
		ADDED from src\main\AndroidManifest.xml:336:13-49
	android:label
		ADDED from src\main\AndroidManifest.xml:335:13-55
	android:windowSoftInputMode
		ADDED from src\main\AndroidManifest.xml:337:13-72
	android:configChanges
		ADDED from src\main\AndroidManifest.xml:334:13-83
	android:name
		ADDED from src\main\AndroidManifest.xml:333:13-48
intent-filter#action:name:gdt.action.REWARD_VIDEO_DEMO+category:name:android.intent.category.DEFAULT
ADDED from src\main\AndroidManifest.xml:348:13-352:29
action#gdt.action.REWARD_VIDEO_DEMO
ADDED from src\main\AndroidManifest.xml:349:17-71
	android:name
		ADDED from src\main\AndroidManifest.xml:349:25-68
activity#com.qq.e.union.demo.HybridADActivity
ADDED from src\main\AndroidManifest.xml:354:9-374:20
	android:screenOrientation
		ADDED from src\main\AndroidManifest.xml:358:13-49
	android:label
		ADDED from src\main\AndroidManifest.xml:357:13-49
	android:windowSoftInputMode
		ADDED from src\main\AndroidManifest.xml:359:13-72
	android:configChanges
		ADDED from src\main\AndroidManifest.xml:356:13-83
	android:name
		ADDED from src\main\AndroidManifest.xml:355:13-45
intent-filter#action:name:gdt.action.HYBRID_DEMO+category:name:android.intent.category.DEFAULT
ADDED from src\main\AndroidManifest.xml:370:13-373:29
action#gdt.action.HYBRID_DEMO
ADDED from src\main\AndroidManifest.xml:371:17-65
	android:name
		ADDED from src\main\AndroidManifest.xml:371:25-62
activity#com.qq.e.union.demo.UnifiedBannerActivity
ADDED from src\main\AndroidManifest.xml:375:9-394:20
	android:label
		ADDED from src\main\AndroidManifest.xml:378:13-66
	android:windowSoftInputMode
		ADDED from src\main\AndroidManifest.xml:379:13-72
	android:configChanges
		ADDED from src\main\AndroidManifest.xml:377:13-83
	android:name
		ADDED from src\main\AndroidManifest.xml:376:13-50
intent-filter#action:name:gdt.action.UNIFIED_BANNER_DEMO+category:name:android.intent.category.DEFAULT
ADDED from src\main\AndroidManifest.xml:390:13-393:29
action#gdt.action.UNIFIED_BANNER_DEMO
ADDED from src\main\AndroidManifest.xml:391:17-73
	android:name
		ADDED from src\main\AndroidManifest.xml:391:25-70
activity#com.qq.e.union.demo.UnifiedInterstitialADActivity
ADDED from src\main\AndroidManifest.xml:395:9-414:20
	android:label
		ADDED from src\main\AndroidManifest.xml:398:13-75
	android:windowSoftInputMode
		ADDED from src\main\AndroidManifest.xml:399:13-72
	android:configChanges
		ADDED from src\main\AndroidManifest.xml:397:13-83
	android:name
		ADDED from src\main\AndroidManifest.xml:396:13-58
intent-filter#action:name:gdt.action.UNIFIED_INTERSTITIAL_DEMO+category:name:android.intent.category.DEFAULT
ADDED from src\main\AndroidManifest.xml:410:13-413:29
action#gdt.action.UNIFIED_INTERSTITIAL_DEMO
ADDED from src\main\AndroidManifest.xml:411:17-79
	android:name
		ADDED from src\main\AndroidManifest.xml:411:25-76
activity#com.mintegral.msdk.reward.player.MTGRewardVideoActivity
ADDED from src\main\AndroidManifest.xml:418:9-421:74
	android:configChanges
		ADDED from src\main\AndroidManifest.xml:420:13-74
	android:theme
		ADDED from src\main\AndroidManifest.xml:421:13-71
	android:name
		ADDED from src\main\AndroidManifest.xml:419:13-83
activity#com.mintegral.msdk.activity.MTGCommonActivity
ADDED from src\main\AndroidManifest.xml:422:9-427:84
	android:screenOrientation
		ADDED from src\main\AndroidManifest.xml:426:13-49
	android:exported
		ADDED from src\main\AndroidManifest.xml:425:13-36
	android:configChanges
		ADDED from src\main\AndroidManifest.xml:424:13-57
	android:theme
		ADDED from src\main\AndroidManifest.xml:427:13-72
	android:name
		ADDED from src\main\AndroidManifest.xml:423:13-73
receiver#com.mintegral.msdk.click.AppReceiver
ADDED from src\main\AndroidManifest.xml:429:9-434:20
	android:name
		ADDED from src\main\AndroidManifest.xml:429:19-70
intent-filter#action:name:android.intent.action.PACKAGE_ADDED+data:scheme:package
ADDED from src\main\AndroidManifest.xml:430:13-433:29
action#android.intent.action.PACKAGE_ADDED
ADDED from src\main\AndroidManifest.xml:431:17-78
	android:name
		ADDED from src\main\AndroidManifest.xml:431:25-75
data
ADDED from src\main\AndroidManifest.xml:432:17-50
	android:scheme
		ADDED from src\main\AndroidManifest.xml:432:23-47
service#com.mintegral.msdk.shell.MTGService
ADDED from src\main\AndroidManifest.xml:436:9-440:19
	android:name
		ADDED from src\main\AndroidManifest.xml:436:18-68
intent-filter#action:name:com.mintegral.msdk.download.action
ADDED from src\main\AndroidManifest.xml:437:13-439:29
action#com.mintegral.msdk.download.action
ADDED from src\main\AndroidManifest.xml:438:17-77
	android:name
		ADDED from src\main\AndroidManifest.xml:438:25-74
uses-sdk
INJECTED from src\main\AndroidManifest.xml reason: use-sdk injection requested
INJECTED from src\main\AndroidManifest.xml
INJECTED from src\main\AndroidManifest.xml
MERGED from [GDTSDK.unionNormal.4.110.980.aar] AndroidManifest.xml:7:5-9:41